=============================================================
LOCAL DATE  : Saturday, August 16 2025, 10:41:16.2820 AM
ENTRY TYPE  : Warning
SOURCE      : N/A
MESSAGE     : Validate access token
STACK TRACE : N/A

=============================================================
LOCAL DATE  : Saturday, August 16 2025, 10:41:16.2850 AM
ENTRY TYPE  : Warning
SOURCE      : N/A
MESSAGE     : Validate access token OK No
STACK TRACE : N/A

=============================================================
LOCAL DATE  : Saturday, August 16 2025, 10:41:41.5562 AM
ENTRY TYPE  : Warning
SOURCE      : N/A
MESSAGE     : Validate access token
STACK TRACE : N/A

=============================================================
LOCAL DATE  : Saturday, August 16 2025, 10:41:41.5562 AM
ENTRY TYPE  : Warning
SOURCE      : N/A
MESSAGE     : Validate access token OK
STACK TRACE : N/A

=============================================================
LOCAL DATE  : Saturday, August 16 2025, 10:41:48.0000 AM
ENTRY TYPE  : Warning
SOURCE      : N/A
MESSAGE     : Dasboard id 138
STACK TRACE : N/A

=============================================================
LOCAL DATE  : Saturday, August 16 2025, 10:41:48.2031 AM
ENTRY TYPE  : Warning
SOURCE      : N/A
MESSAGE     : GetSiteLocations data 13
STACK TRACE : N/A

=============================================================
LOCAL DATE  : Saturday, August 16 2025, 10:41:54.4939 AM
ENTRY TYPE  : Warning
SOURCE      : N/A
MESSAGE     : Dasboard id data0
STACK TRACE : N/A

