=============================================================
LOCAL DATE  : Thursday, August 21 2025, 09:34:25.2220 AM
ENTRY TYPE  : Warning
SOURCE      : N/A
MESSAGE     : Validate access token
STACK TRACE : N/A

=============================================================
LOCAL DATE  : Thursday, August 21 2025, 09:34:25.2220 AM
ENTRY TYPE  : Warning
SOURCE      : N/A
MESSAGE     : Validate access token OK No
STACK TRACE : N/A

=============================================================
LOCAL DATE  : Thursday, August 21 2025, 09:36:11.9675 AM
ENTRY TYPE  : Warning
SOURCE      : N/A
MESSAGE     : Validate access token
STACK TRACE : N/A

=============================================================
LOCAL DATE  : Thursday, August 21 2025, 09:36:11.9675 AM
ENTRY TYPE  : Warning
SOURCE      : N/A
MESSAGE     : Validate access token OK
STACK TRACE : N/A

=============================================================
LOCAL DATE  : Thursday, August 21 2025, 09:36:17.9460 AM
ENTRY TYPE  : Warning
SOURCE      : N/A
MESSAGE     : Dasboard id 117
STACK TRACE : N/A

=============================================================
LOCAL DATE  : Thursday, August 21 2025, 09:36:18.1335 AM
ENTRY TYPE  : Warning
SOURCE      : N/A
MESSAGE     : GetSiteLocations data 13
STACK TRACE : N/A

=============================================================
LOCAL DATE  : Thursday, August 21 2025, 09:36:19.6465 AM
ENTRY TYPE  : Warning
SOURCE      : N/A
MESSAGE     : Dasboard id data0
STACK TRACE : N/A

